<?xml version="1.0" encoding="UTF-8"?>
<!-- Generated by org.testng.reporters.JUnitReportReporter -->
<testsuite name="org.testing.TestScripts.TC2" tests="1" time="0.032" ignored="0" failures="0" timestamp="09 Apr 2020 23:13:31 GMT" skipped="0" hostname="DESKTOP-IKEEKOB" errors="0">
  <testcase name="testCase2" time="0.032" classname="org.testing.TestScripts.TC2"/>
</testsuite> <!-- org.testing.TestScripts.TC2 -->
