<?xml version="1.0" encoding="UTF-8"?>
<!-- Generated by org.testng.reporters.JUnitReportReporter -->
<testsuite name="org.testing.TestScripts.TC3" tests="1" time="0.020" ignored="0" failures="0" timestamp="09 Apr 2020 23:13:31 GMT" skipped="0" hostname="DESKTOP-IKEEKOB" errors="0">
  <testcase name="testCase3" time="0.020" classname="org.testing.TestScripts.TC3"/>
</testsuite> <!-- org.testing.TestScripts.TC3 -->
