<?xml version="1.0" encoding="UTF-8"?>
<!-- Generated by org.testng.reporters.JUnitReportReporter -->
<testsuite skipped="0" hostname="DESKTOP-IKEEKOB" name="GitHubJenkinsTutorial.JenkinsTutorial.Class1" tests="1" failures="0" timestamp="14 May 2020 20:55:34 GMT" time="0.009" errors="0">
  <testcase name="Method1" time="0.009" classname="GitHubJenkinsTutorial.JenkinsTutorial.Class1"/>
</testsuite> <!-- GitHubJenkinsTutorial.JenkinsTutorial.Class1 -->
