<?xml version="1.0" encoding="UTF-8"?>
<!-- Generated by org.testng.reporters.JUnitReportReporter -->
<testsuite skipped="0" hostname="DESKTOP-IKEEKOB" name="GitHubJenkinsTutorial.JenkinsTutorial.Class1" tests="1" failures="0" timestamp="10 May 2020 00:36:11 GMT" time="0.000" errors="0">
  <testcase name="Method1" time="0.000" classname="GitHubJenkinsTutorial.JenkinsTutorial.Class1"/>
</testsuite> <!-- GitHubJenkinsTutorial.JenkinsTutorial.Class1 -->
